#
# There is insufficient memory for the Java Runtime Environment to continue.
# Native memory allocation (malloc) failed to allocate 1048576 bytes for AllocateHeap
# Possible reasons:
#   The system is out of physical RAM or swap space
#   The process is running with CompressedOops enabled, and the Java Heap may be blocking the growth of the native heap
# Possible solutions:
#   Reduce memory load on the system
#   Increase physical memory or swap space
#   Check if swap backing store is full
#   Decrease Java heap size (-Xmx/-Xms)
#   Decrease number of Java threads
#   Decrease Java thread stack sizes (-Xss)
#   Set larger code cache with -XX:ReservedCodeCacheSize=
#   JVM is running with Zero Based Compressed Oops mode in which the Java heap is
#     placed in the first 32GB address space. The Java Heap base address is the
#     maximum limit for the native heap growth. Please use -XX:HeapBaseMinAddress
#     to set the Java Heap base and to place the Java Heap above 32GB virtual address.
# This output file may be truncated or incomplete.
#
#  Out of Memory Error (./src/hotspot/share/memory/allocation.cpp:44), pid=56912, tid=55584
#
# JRE version:  (15.0.2+7) (build )
# Java VM: OpenJDK 64-Bit Server VM (15.0.2+7, mixed mode, sharing, tiered, compressed oops, g1 gc, windows-amd64)
# No core dump will be written. Minidumps are not enabled by default on client versions of Windows
#

---------------  S U M M A R Y ------------

Command Line: -javaagent:C:\Program Files\JetBrains\IntelliJ IDEA 2022.1.1\lib\idea_rt.jar=1573:C:\Program Files\JetBrains\IntelliJ IDEA 2022.1.1\bin -Dfile.encoding=UTF-8 MainKt

Host: Intel(R) Xeon(R) CPU E5-2690 v3 @ 2.60GHz, 8 cores, 8G,  Windows 10 , 64 bit Build 18362 (10.0.18362.1350)
Time: Thu May  9 09:57:45 2024 Hora est. Pacífico, Sudamérica elapsed time: 0.367054 seconds (0d 0h 0m 0s)

---------------  T H R E A D  ---------------

Current thread (0x0000019c7e51e860):  JavaThread "Unknown thread" [_thread_in_vm, id=55584, stack(0x0000009bac100000,0x0000009bac200000)]

Stack: [0x0000009bac100000,0x0000009bac200000]
Native frames: (J=compiled Java code, j=interpreted, Vv=VM code, C=native code)
V  [jvm.dll+0x5f7aea]
V  [jvm.dll+0x7978c9]
V  [jvm.dll+0x799023]
V  [jvm.dll+0x799673]
V  [jvm.dll+0x1fc4f8]
V  [jvm.dll+0x90482]
V  [jvm.dll+0x295c9e]
V  [jvm.dll+0x28de9b]
V  [jvm.dll+0x7752a1]
V  [jvm.dll+0x315664]
V  [jvm.dll+0x75660c]
V  [jvm.dll+0x3930ef]
V  [jvm.dll+0x394d91]
C  [jli.dll+0x5243]
C  [ucrtbase.dll+0x210b2]
C  [KERNEL32.DLL+0x17c24]
C  [ntdll.dll+0x6d721]


---------------  P R O C E S S  ---------------

Threads class SMR info:
_java_thread_list=0x0000019c7dbe1b90, length=0, elements={
}

Java Threads: ( => current thread )

Other Threads:
  0x0000019c7e55ab50 GCTaskThread "GC Thread#0" [stack: 0x0000009bac200000,0x0000009bac300000] [id=51628]

[error occurred during error reporting (printing all threads), id 0xc0000005, EXCEPTION_ACCESS_VIOLATION (0xc0000005) at pc=0x0000019c7d38ae70]

VM state: not at safepoint (not fully initialized)

VM Mutex/Monitor currently owned by a thread:  ([mutex/lock_event])
[0x0000019c7e51d350] Heap_lock - owner thread: 0x0000019c7e51e860

Heap address: 0x0000000773600000, size: 2250 MB, Compressed Oops mode: Zero based, Oop shift amount: 3
CDS archive(s) mapped at: [0x0000000000000000-0x0000000000000000-0x0000000000000000), size 0, SharedBaseAddress: 0x0000000800000000, ArchiveRelocationMode: 0.
Narrow klass base: 0x0000000000000000, Narrow klass shift: 0, Narrow klass range: 0x0

Heap:
 garbage-first heap   total 0K, used 0K [0x0000000773600000, 0x0000000800000000)
  region size 2048K, 0 young (0K), 0 survivors (0K)
 Metaspace       used 0K, capacity 0K, committed 0K, reserved 0K
  class space    used 0K, capacity 0K, committed 0K, reserved 0K

Heap Regions: E=young(eden), S=young(survivor), O=old, HS=humongous(starts), HC=humongous(continues), CS=collection set, F=free, OA=open archive, CA=closed archive, TAMS=top-at-mark-start (previous, next)

Card table byte_map: [0x0000019c18330000,0x0000019c187a0000] _byte_map_base: 0x0000019c14795000

GC Heap History (0 events):
No events

Deoptimization events (0 events):
No events

Classes unloaded (0 events):
No events

Classes redefined (0 events):
No events

Internal exceptions (0 events):
No events

Events (1 events):
Event: 0.360 Loaded shared library C:\Users\escritorio.virtual51\.jdks\corretto-15.0.2\bin\java.dll


Dynamic libraries:
0x00007ff69f3e0000 - 0x00007ff69f3ed000 	C:\Users\escritorio.virtual51\.jdks\corretto-15.0.2\bin\java.exe
0x00007ffa1bae0000 - 0x00007ffa1bcd0000 	C:\WINDOWS\SYSTEM32\ntdll.dll
0x00007ffa1a860000 - 0x00007ffa1a912000 	C:\WINDOWS\System32\KERNEL32.DLL
0x00007ffa19420000 - 0x00007ffa196c5000 	C:\WINDOWS\System32\KERNELBASE.dll
0x00007ffa192c0000 - 0x00007ffa193ba000 	C:\WINDOWS\System32\ucrtbase.dll
0x00007ff9f87f0000 - 0x00007ff9f8805000 	C:\Users\escritorio.virtual51\.jdks\corretto-15.0.2\bin\VCRUNTIME140.dll
0x00007ff9fabe0000 - 0x00007ff9fabf8000 	C:\Users\escritorio.virtual51\.jdks\corretto-15.0.2\bin\jli.dll
0x00007ffa1a2f0000 - 0x00007ffa1a484000 	C:\WINDOWS\System32\USER32.dll
0x00007ffa19790000 - 0x00007ffa197b1000 	C:\WINDOWS\System32\win32u.dll
0x00007ffa1ac40000 - 0x00007ffa1ac66000 	C:\WINDOWS\System32\GDI32.dll
0x00007ffa16c40000 - 0x00007ffa16ec4000 	C:\WINDOWS\WinSxS\amd64_microsoft.windows.common-controls_6595b64144ccf1df_6.0.18362.1379_none_9e7ff3b3e45cc0c4\COMCTL32.dll
0x00007ffa19850000 - 0x00007ffa199e8000 	C:\WINDOWS\System32\gdi32full.dll
0x00007ffa1ac80000 - 0x00007ffa1ad1e000 	C:\WINDOWS\System32\msvcrt.dll
0x00007ffa196f0000 - 0x00007ffa1978e000 	C:\WINDOWS\System32\msvcp_win.dll
0x00007ffa1b4b0000 - 0x00007ffa1b7e7000 	C:\WINDOWS\System32\combase.dll
0x00007ffa1a0f0000 - 0x00007ffa1a20f000 	C:\WINDOWS\System32\RPCRT4.dll
0x00007ffa197c0000 - 0x00007ffa19841000 	C:\WINDOWS\System32\bcryptPrimitives.dll
0x00007ffa1b480000 - 0x00007ffa1b4ae000 	C:\WINDOWS\System32\IMM32.DLL
0x00007ffa188b0000 - 0x00007ffa188e3000 	C:\Program Files\Citrix\System32\MfApHook64.dll
0x00007ffa187f0000 - 0x00007ffa18802000 	C:\Program Files\Citrix\IcaService\FullScreenHook64.dll
0x00007ffa1a9a0000 - 0x00007ffa1aa43000 	C:\WINDOWS\System32\ADVAPI32.dll
0x00007ffa1b850000 - 0x00007ffa1b8e7000 	C:\WINDOWS\System32\sechost.dll
0x00007ffa18740000 - 0x00007ffa187e6000 	C:\WINDOWS\SYSTEM32\MSVCP120.dll
0x00007ffa18650000 - 0x00007ffa1873f000 	C:\WINDOWS\SYSTEM32\MSVCR120.dll
0x00007ffa17f30000 - 0x00007ffa17f58000 	C:\Program Files\Citrix\ICAService\ShellHook64.dll
0x00007ffa1b7f0000 - 0x00007ffa1b842000 	C:\WINDOWS\System32\SHLWAPI.dll
0x00007ffa17f80000 - 0x00007ffa18071000 	C:\Program Files\Citrix\IcaService\SCardHook64.dll
0x00007ffa17f10000 - 0x00007ffa17f2b000 	C:\Program Files\Citrix\ICAService\cxinjime64.dll
0x00007ff9eecd0000 - 0x00007ff9eed6b000 	C:\Users\escritorio.virtual51\.jdks\corretto-15.0.2\bin\msvcp140.dll
0x0000019c7d0f0000 - 0x0000019c7dc81000 	C:\Users\escritorio.virtual51\.jdks\corretto-15.0.2\bin\server\jvm.dll
0x00007ffa1a920000 - 0x00007ffa1a928000 	C:\WINDOWS\System32\PSAPI.DLL
0x00007ffa00750000 - 0x00007ffa00759000 	C:\WINDOWS\SYSTEM32\WSOCK32.dll
0x00007ffa185d0000 - 0x00007ffa185da000 	C:\WINDOWS\SYSTEM32\VERSION.dll
0x00007ffa12bc0000 - 0x00007ffa12be4000 	C:\WINDOWS\SYSTEM32\WINMM.dll
0x00007ffa1a930000 - 0x00007ffa1a99f000 	C:\WINDOWS\System32\WS2_32.dll
0x00007ffa12560000 - 0x00007ffa1258d000 	C:\WINDOWS\SYSTEM32\WINMMBASE.dll
0x00007ffa19b40000 - 0x00007ffa19b8a000 	C:\WINDOWS\System32\cfgmgr32.dll
0x00007ffa18a10000 - 0x00007ffa18a21000 	C:\WINDOWS\System32\kernel.appcore.dll
0x00007ff9f87c0000 - 0x00007ff9f87ca000 	C:\Users\escritorio.virtual51\.jdks\corretto-15.0.2\bin\jimage.dll
0x00007ffa16380000 - 0x00007ffa16574000 	C:\WINDOWS\SYSTEM32\DBGHELP.DLL
0x00007ffa022f0000 - 0x00007ffa0231a000 	C:\WINDOWS\SYSTEM32\dbgcore.DLL
0x00007ff9f7d20000 - 0x00007ff9f7d2e000 	C:\Users\escritorio.virtual51\.jdks\corretto-15.0.2\bin\instrument.dll
0x00007ff9f8590000 - 0x00007ff9f85b5000 	C:\Users\escritorio.virtual51\.jdks\corretto-15.0.2\bin\java.dll

dbghelp: loaded successfully - version: 4.0.5 - missing functions: none
symbol engine: initialized successfully - sym options: 0x614 - pdb path: .;C:\Users\escritorio.virtual51\.jdks\corretto-15.0.2\bin;C:\WINDOWS\SYSTEM32;C:\WINDOWS\WinSxS\amd64_microsoft.windows.common-controls_6595b64144ccf1df_6.0.18362.1379_none_9e7ff3b3e45cc0c4;C:\Program Files\Citrix\System32;C:\Program Files\Citrix\IcaService;C:\Users\escritorio.virtual51\.jdks\corretto-15.0.2\bin\server

VM Arguments:
jvm_args: -javaagent:C:\Program Files\JetBrains\IntelliJ IDEA 2022.1.1\lib\idea_rt.jar=1573:C:\Program Files\JetBrains\IntelliJ IDEA 2022.1.1\bin -Dfile.encoding=UTF-8 
java_command: MainKt
java_class_path (initial): C:\Users\escritorio.virtual51\Desktop\Repositorio\2024A-CC-GR1-VARGAS-FERN-NDEZ-ANTHONY-YEAIRE\00-kotlin\inicio\build\classes\kotlin\main;C:\Users\escritorio.virtual51\.gradle\caches\modules-2\files-2.1\org.jetbrains.kotlin\kotlin-stdlib-jdk8\1.6.21\eeb4d60d75e9ea9c11200d52974e522793b14fba\kotlin-stdlib-jdk8-1.6.21.jar;C:\Users\escritorio.virtual51\.gradle\caches\modules-2\files-2.1\org.jetbrains.kotlin\kotlin-stdlib-jdk7\1.6.21\568c1b78a8e17a4f35b31f0a74e2916095ed74c2\kotlin-stdlib-jdk7-1.6.21.jar;C:\Users\escritorio.virtual51\.gradle\caches\modules-2\files-2.1\org.jetbrains.kotlin\kotlin-stdlib\1.6.21\11ef67f1900634fd951bad28c53ec957fabbe5b8\kotlin-stdlib-1.6.21.jar;C:\Users\escritorio.virtual51\.gradle\caches\modules-2\files-2.1\org.jetbrains.kotlin\kotlin-stdlib-common\1.6.21\5e5b55c26dbc80372a920aef60eb774b714559b8\kotlin-stdlib-common-1.6.21.jar;C:\Users\escritorio.virtual51\.gradle\caches\modules-2\files-2.1\org.jetbrains\annotations\13.0\919f0dfe192fb4e063e7dacadee7f8bb9a2672a9\annotations-13.0.jar
Launcher Type: SUN_STANDARD

[Global flags]
     intx CICompilerCount                          = 4                                         {product} {ergonomic}
     uint ConcGCThreads                            = 2                                         {product} {ergonomic}
     uint G1ConcRefinementThreads                  = 8                                         {product} {ergonomic}
   size_t G1HeapRegionSize                         = 2097152                                   {product} {ergonomic}
    uintx GCDrainStackTargetSize                   = 64                                        {product} {ergonomic}
   size_t InitialHeapSize                          = 148897792                                 {product} {ergonomic}
   size_t MarkStackSize                            = 4194304                                   {product} {ergonomic}
   size_t MaxHeapSize                              = 2359296000                                {product} {ergonomic}
   size_t MinHeapDeltaBytes                        = 2097152                                   {product} {ergonomic}
   size_t MinHeapSize                              = 8388608                                   {product} {ergonomic}
    uintx NonNMethodCodeHeapSize                   = 5839372                                {pd product} {ergonomic}
    uintx NonProfiledCodeHeapSize                  = 122909434                              {pd product} {ergonomic}
    uintx ProfiledCodeHeapSize                     = 122909434                              {pd product} {ergonomic}
    uintx ReservedCodeCacheSize                    = 251658240                              {pd product} {ergonomic}
     bool SegmentedCodeCache                       = true                                      {product} {ergonomic}
   size_t SoftMaxHeapSize                          = 2359296000                             {manageable} {ergonomic}
     bool UseCompressedClassPointers               = true                                 {lp64_product} {ergonomic}
     bool UseCompressedOops                        = true                                 {lp64_product} {ergonomic}
     bool UseG1GC                                  = true                                      {product} {ergonomic}
     bool UseLargePagesIndividualAllocation        = false                                  {pd product} {ergonomic}

Logging:
Log output configuration:
 #0: stdout all=warning uptime,level,tags
 #1: stderr all=off uptime,level,tags

Environment Variables:
PATH=C:\Program Files (x86)\python\Scripts\;C:\Program Files (x86)\python\;C:\Program Files (x86)\Common Files\Oracle\Java\javapath;C:\WINDOWS\system32;C:\WINDOWS;C:\WINDOWS\System32\Wbem;C:\WINDOWS\System32\WindowsPowerShell\v1.0\;C:\WINDOWS\System32\OpenSSH\;C:\Program Files\Citrix\System32\;C:\Program Files\Citrix\ICAService\;C:\Program Files\Microsoft SQL Server\130\Tools\Binn\;C:\Program Files\Microsoft SQL Server\Client SDK\ODBC\170\Tools\Binn\;C:\Program Files\Microsoft SQL Server\Client SDK\ODBC\110\Tools\Binn\;C:\Program Files (x86)\Microsoft SQL Server\120\Tools\Binn\;C:\Program Files\Microsoft SQL Server\120\Tools\Binn\;C:\Program Files\Microsoft SQL Server\120\DTS\Binn\;C:\Program Files (x86)\Microsoft SQL Server\120\Tools\Binn\ManagementStudio\;C:\Program Files (x86)\Microsoft SQL Server\120\DTS\Binn\;C:\flutter\bin;C:\flutter;C:\Users\escritorio.virtual51\AppData\Local\Microsoft\WindowsApps;C:\Users\escritorio.virtual51\AppData\Local\Programs\Microsoft VS Code\bin;C:\Users\escritorio.virtual51\AppData\Local\Programs\Git\cmd
USERNAME=escritorio.virtual51
OS=Windows_NT
PROCESSOR_IDENTIFIER=Intel64 Family 6 Model 63 Stepping 2, GenuineIntel



---------------  S Y S T E M  ---------------

OS:
 Windows 10 , 64 bit Build 18362 (10.0.18362.1350)
OS uptime: 131 days 19:15 hours
VMWare virtualization detected

CPU: total 8 (initial active 8) (4 cores per cpu, 1 threads per core) family 6 model 63 stepping 2 microcode 0x3d, cmov, cx8, fxsr, mmx, sse, sse2, sse3, ssse3, sse4.1, sse4.2, popcnt, vzeroupper, avx, avx2, aes, clmul, erms, lzcnt, tsc, tscinvbit, bmi1, bmi2, fma, clflush

Memory: 4k page, system-wide physical 8999M (473M free)
TotalPageFile size 21664M (AvailPageFile size 5M)
current process WorkingSet (physical memory assigned to process): 11M, peak: 11M
current process commit charge ("private bytes"): 59M, peak: 60M

vm_info: OpenJDK 64-Bit Server VM (15.0.2+7) for windows-amd64 JRE (15.0.2+7), built on Jan 20 2021 22:17:45 by "Administrator" with MS VC++ 15.9 (VS2017)

END.
